
running 1 test
Generate parameters...
Generate CRS...
Start:   Groth16::Generator
··Start:   Constraint synthesis
··End:     Constraint synthesis ....................................................3.602ms
··Start:   Inlining LCs
··End:     Inlining LCs ............................................................6.385ms
··Start:   Constructing evaluation domain
··End:     Constructing evaluation domain ..........................................10.166µs
··Start:   R1CS to QAP Instance Map with Evaluation
····Start:   Evaluate Lagrange coefficients
····End:     Evaluate Lagrange coefficients ........................................1.007ms
··End:     R1CS to QAP Instance Map with Evaluation ................................5.255ms
··Start:   Compute G2 table
··End:     Compute G2 table ........................................................6.190ms
··Start:   Calculate B G2
··End:     Calculate B G2 ..........................................................19.194ms
··Start:   Compute G1 window table
··End:     Compute G1 window table .................................................2.554ms
··Start:   Generate the R1CS proving key
····Start:   Calculate A
····End:     Calculate A ...........................................................4.723ms
····Start:   Calculate B G1
····End:     Calculate B G1 ........................................................6.472ms
····Start:   Calculate H
····End:     Calculate H ...........................................................8.901ms
····Start:   Calculate L
····End:     Calculate L ...........................................................7.572ms
··End:     Generate the R1CS proving key ...........................................28.637ms
··Start:   Generate the R1CS verification key
··End:     Generate the R1CS verification key ......................................415.542µs
··Start:   Convert proving key elements to affine
··End:     Convert proving key elements to affine ..................................2.225ms
End:     Groth16::Generator ........................................................75.251ms
Generate proof...
Start:   Groth16::Prover
··Start:   Constraint synthesis
··End:     Constraint synthesis ....................................................11.608ms
··Start:   Inlining LCs
··End:     Inlining LCs ............................................................6.121ms
··Start:   R1CS to QAP witness map
··End:     R1CS to QAP witness map .................................................13.771ms
··Start:   Compute C
··End:     Compute C ...............................................................21.755ms
··Start:   Compute A
··End:     Compute A ...............................................................7.000ms
··Start:   Compute B in G1
··End:     Compute B in G1 .........................................................8.799ms
··Start:   Compute B in G2
··End:     Compute B in G2 .........................................................21.174ms
··Start:   Finish C
··End:     Finish C ................................................................1.875µs
End:     Groth16::Prover ...........................................................90.465ms
Verify proof...
Generate parameters...
Generate CRS...
Start:   Groth16::Generator
··Start:   Constraint synthesis
··End:     Constraint synthesis ....................................................6.806ms
··Start:   Inlining LCs
··End:     Inlining LCs ............................................................14.027ms
··Start:   Constructing evaluation domain
··End:     Constructing evaluation domain ..........................................10.042µs
··Start:   R1CS to QAP Instance Map with Evaluation
····Start:   Evaluate Lagrange coefficients
····End:     Evaluate Lagrange coefficients ........................................2.927ms
··End:     R1CS to QAP Instance Map with Evaluation ................................11.550ms
··Start:   Compute G2 table
··End:     Compute G2 table ........................................................4.310ms
··Start:   Calculate B G2
··End:     Calculate B G2 ..........................................................35.035ms
··Start:   Compute G1 window table
··End:     Compute G1 window table .................................................4.467ms
··Start:   Generate the R1CS proving key
····Start:   Calculate A
····End:     Calculate A ...........................................................8.574ms
····Start:   Calculate B G1
····End:     Calculate B G1 ........................................................11.177ms
····Start:   Calculate H
····End:     Calculate H ...........................................................16.543ms
····Start:   Calculate L
····End:     Calculate L ...........................................................13.357ms
··End:     Generate the R1CS proving key ...........................................50.654ms
··Start:   Generate the R1CS verification key
··End:     Generate the R1CS verification key ......................................471.042µs
··Start:   Convert proving key elements to affine
··End:     Convert proving key elements to affine ..................................3.358ms
End:     Groth16::Generator ........................................................136.284ms
Generate proof...
Start:   Groth16::Prover
··Start:   Constraint synthesis
··End:     Constraint synthesis ....................................................23.412ms
··Start:   Inlining LCs
··End:     Inlining LCs ............................................................12.715ms
··Start:   R1CS to QAP witness map
··End:     R1CS to QAP witness map .................................................18.266ms
··Start:   Compute C
··End:     Compute C ...............................................................42.657ms
··Start:   Compute A
··End:     Compute A ...............................................................14.199ms
··Start:   Compute B in G1
··End:     Compute B in G1 .........................................................13.949ms
··Start:   Compute B in G2
··End:     Compute B in G2 .........................................................35.859ms
··Start:   Finish C
··End:     Finish C ................................................................1.791µs
End:     Groth16::Prover ...........................................................161.332ms
Verify proof...
Generate parameters...
Generate CRS...
Start:   Groth16::Generator
··Start:   Constraint synthesis
··End:     Constraint synthesis ....................................................14.082ms
··Start:   Inlining LCs
··End:     Inlining LCs ............................................................26.171ms
··Start:   Constructing evaluation domain
··End:     Constructing evaluation domain ..........................................10.000µs
··Start:   R1CS to QAP Instance Map with Evaluation
····Start:   Evaluate Lagrange coefficients
····End:     Evaluate Lagrange coefficients ........................................2.711ms
··End:     R1CS to QAP Instance Map with Evaluation ................................20.197ms
··Start:   Compute G2 table
··End:     Compute G2 table ........................................................6.146ms
··Start:   Calculate B G2
··End:     Calculate B G2 ..........................................................61.636ms
··Start:   Compute G1 window table
··End:     Compute G1 window table .................................................4.405ms
··Start:   Generate the R1CS proving key
····Start:   Calculate A
····End:     Calculate A ...........................................................17.476ms
····Start:   Calculate B G1
····End:     Calculate B G1 ........................................................21.393ms
····Start:   Calculate H
····End:     Calculate H ...........................................................35.933ms
····Start:   Calculate L
····End:     Calculate L ...........................................................26.607ms
··End:     Generate the R1CS proving key ...........................................102.408ms
··Start:   Generate the R1CS verification key
··End:     Generate the R1CS verification key ......................................598.292µs
··Start:   Convert proving key elements to affine
··End:     Convert proving key elements to affine ..................................6.545ms
End:     Groth16::Generator ........................................................243.461ms
Generate proof...
Start:   Groth16::Prover
··Start:   Constraint synthesis
··End:     Constraint synthesis ....................................................46.661ms
··Start:   Inlining LCs
··End:     Inlining LCs ............................................................25.634ms
··Start:   R1CS to QAP witness map
··End:     R1CS to QAP witness map .................................................35.507ms
··Start:   Compute C
··End:     Compute C ...............................................................74.081ms
··Start:   Compute A
··End:     Compute A ...............................................................21.555ms
··Start:   Compute B in G1
··End:     Compute B in G1 .........................................................27.750ms
··Start:   Compute B in G2
··End:     Compute B in G2 .........................................................70.591ms
··Start:   Finish C
··End:     Finish C ................................................................1.792µs
End:     Groth16::Prover ...........................................................302.127ms
Verify proof...
Generate parameters...
Generate CRS...
Start:   Groth16::Generator
··Start:   Constraint synthesis
··End:     Constraint synthesis ....................................................27.880ms
··Start:   Inlining LCs
··End:     Inlining LCs ............................................................54.346ms
··Start:   Constructing evaluation domain
··End:     Constructing evaluation domain ..........................................12.833µs
··Start:   R1CS to QAP Instance Map with Evaluation
····Start:   Evaluate Lagrange coefficients
····End:     Evaluate Lagrange coefficients ........................................5.317ms
··End:     R1CS to QAP Instance Map with Evaluation ................................42.057ms
··Start:   Compute G2 table
··End:     Compute G2 table ........................................................11.734ms
··Start:   Calculate B G2
··End:     Calculate B G2 ..........................................................109.632ms
··Start:   Compute G1 window table
··End:     Compute G1 window table .................................................8.022ms
··Start:   Generate the R1CS proving key
····Start:   Calculate A
····End:     Calculate A ...........................................................30.523ms
····Start:   Calculate B G1
····End:     Calculate B G1 ........................................................43.708ms
····Start:   Calculate H
····End:     Calculate H ...........................................................78.631ms
····Start:   Calculate L
····End:     Calculate L ...........................................................49.542ms
··End:     Generate the R1CS proving key ...........................................203.429ms
··Start:   Generate the R1CS verification key
··End:     Generate the R1CS verification key ......................................522.292µs
··Start:   Convert proving key elements to affine
··End:     Convert proving key elements to affine ..................................12.651ms
End:     Groth16::Generator ........................................................471.485ms
Generate proof...
Start:   Groth16::Prover
··Start:   Constraint synthesis
··End:     Constraint synthesis ....................................................92.883ms
··Start:   Inlining LCs
··End:     Inlining LCs ............................................................53.020ms
··Start:   R1CS to QAP witness map
··End:     R1CS to QAP witness map .................................................56.761ms
··Start:   Compute C
··End:     Compute C ...............................................................123.905ms
··Start:   Compute A
··End:     Compute A ...............................................................39.581ms
··Start:   Compute B in G1
··End:     Compute B in G1 .........................................................46.215ms
··Start:   Compute B in G2
··End:     Compute B in G2 .........................................................118.669ms
··Start:   Finish C
··End:     Finish C ................................................................1.791µs
End:     Groth16::Prover ...........................................................531.518ms
Verify proof...
Generate parameters...
Generate CRS...
Start:   Groth16::Generator
··Start:   Constraint synthesis
··End:     Constraint synthesis ....................................................56.772ms
··Start:   Inlining LCs
··End:     Inlining LCs ............................................................108.952ms
··Start:   Constructing evaluation domain
··End:     Constructing evaluation domain ..........................................10.083µs
··Start:   R1CS to QAP Instance Map with Evaluation
····Start:   Evaluate Lagrange coefficients
····End:     Evaluate Lagrange coefficients ........................................10.237ms
··End:     R1CS to QAP Instance Map with Evaluation ................................83.258ms
··Start:   Compute G2 table
··End:     Compute G2 table ........................................................11.707ms
··Start:   Calculate B G2
··End:     Calculate B G2 ..........................................................222.936ms
··Start:   Compute G1 window table
··End:     Compute G1 window table .................................................15.623ms
··Start:   Generate the R1CS proving key
····Start:   Calculate A
····End:     Calculate A ...........................................................59.303ms
····Start:   Calculate B G1
····End:     Calculate B G1 ........................................................74.940ms
····Start:   Calculate H
····End:     Calculate H ...........................................................117.320ms
····Start:   Calculate L
····End:     Calculate L ...........................................................96.167ms
··End:     Generate the R1CS proving key ...........................................348.770ms
··Start:   Generate the R1CS verification key
··End:     Generate the R1CS verification key ......................................789.000µs
··Start:   Convert proving key elements to affine
··End:     Convert proving key elements to affine ..................................21.010ms
End:     Groth16::Generator ........................................................871.685ms
Generate proof...
Start:   Groth16::Prover
··Start:   Constraint synthesis
··End:     Constraint synthesis ....................................................187.416ms
··Start:   Inlining LCs
··End:     Inlining LCs ............................................................106.624ms
··Start:   R1CS to QAP witness map
··End:     R1CS to QAP witness map .................................................108.206ms
··Start:   Compute C
··End:     Compute C ...............................................................239.240ms
··Start:   Compute A
··End:     Compute A ...............................................................68.503ms
··Start:   Compute B in G1
··End:     Compute B in G1 .........................................................86.689ms
··Start:   Compute B in G2
··End:     Compute B in G2 .........................................................213.339ms
··Start:   Finish C
··End:     Finish C ................................................................1.833µs
End:     Groth16::Prover ...........................................................1.010s
Verify proof...
Generate parameters...
Generate CRS...
Start:   Groth16::Generator
··Start:   Constraint synthesis
··End:     Constraint synthesis ....................................................114.177ms
··Start:   Inlining LCs
··End:     Inlining LCs ............................................................222.985ms
··Start:   Constructing evaluation domain
··End:     Constructing evaluation domain ..........................................10.250µs
··Start:   R1CS to QAP Instance Map with Evaluation
····Start:   Evaluate Lagrange coefficients
····End:     Evaluate Lagrange coefficients ........................................21.933ms
··End:     R1CS to QAP Instance Map with Evaluation ................................168.028ms
··Start:   Compute G2 table
··End:     Compute G2 table ........................................................22.693ms
··Start:   Calculate B G2
··End:     Calculate B G2 ..........................................................412.312ms
··Start:   Compute G1 window table
··End:     Compute G1 window table .................................................15.229ms
··Start:   Generate the R1CS proving key
····Start:   Calculate A
····End:     Calculate A ...........................................................118.219ms
····Start:   Calculate B G1
····End:     Calculate B G1 ........................................................150.138ms
····Start:   Calculate H
····End:     Calculate H ...........................................................243.235ms
····Start:   Calculate L
····End:     Calculate L ...........................................................190.040ms
··End:     Generate the R1CS proving key ...........................................702.686ms
··Start:   Generate the R1CS verification key
··End:     Generate the R1CS verification key ......................................1.377ms
··Start:   Convert proving key elements to affine
··End:     Convert proving key elements to affine ..................................42.344ms
End:     Groth16::Generator ........................................................1.704s
Generate proof...
Start:   Groth16::Prover
··Start:   Constraint synthesis
··End:     Constraint synthesis ....................................................376.818ms
··Start:   Inlining LCs
··End:     Inlining LCs ............................................................211.546ms
··Start:   R1CS to QAP witness map
··End:     R1CS to QAP witness map .................................................224.779ms
··Start:   Compute C
··End:     Compute C ...............................................................450.951ms
··Start:   Compute A
··End:     Compute A ...............................................................120.848ms
··Start:   Compute B in G1
··End:     Compute B in G1 .........................................................159.938ms
··Start:   Compute B in G2
··End:     Compute B in G2 .........................................................410.784ms
··Start:   Finish C
··End:     Finish C ................................................................1.917µs
End:     Groth16::Prover ...........................................................1.956s
Verify proof...
Generate parameters...
Generate CRS...
Start:   Groth16::Generator
··Start:   Constraint synthesis
··End:     Constraint synthesis ....................................................232.283ms
··Start:   Inlining LCs
··End:     Inlining LCs ............................................................462.884ms
··Start:   Constructing evaluation domain
··End:     Constructing evaluation domain ..........................................10.041µs
··Start:   R1CS to QAP Instance Map with Evaluation
····Start:   Evaluate Lagrange coefficients
····End:     Evaluate Lagrange coefficients ........................................41.519ms
··End:     R1CS to QAP Instance Map with Evaluation ................................335.408ms
··Start:   Compute G2 table
··End:     Compute G2 table ........................................................40.914ms
··Start:   Calculate B G2
··End:     Calculate B G2 ..........................................................786.898ms
··Start:   Compute G1 window table
··End:     Compute G1 window table .................................................24.701ms
··Start:   Generate the R1CS proving key
····Start:   Calculate A
····End:     Calculate A ...........................................................233.660ms
····Start:   Calculate B G1
····End:     Calculate B G1 ........................................................307.649ms
····Start:   Calculate H
····End:     Calculate H ...........................................................486.738ms
····Start:   Calculate L
····End:     Calculate L ...........................................................386.324ms
··End:     Generate the R1CS proving key ...........................................1.415s
··Start:   Generate the R1CS verification key
··End:     Generate the R1CS verification key ......................................1.239ms
··Start:   Convert proving key elements to affine
··End:     Convert proving key elements to affine ..................................83.002ms
End:     Groth16::Generator ........................................................3.388s
Generate proof...
Start:   Groth16::Prover
··Start:   Constraint synthesis
··End:     Constraint synthesis ....................................................755.558ms
··Start:   Inlining LCs
··End:     Inlining LCs ............................................................425.388ms
··Start:   R1CS to QAP witness map
··End:     R1CS to QAP witness map .................................................416.962ms
··Start:   Compute C
··End:     Compute C ...............................................................817.672ms
··Start:   Compute A
··End:     Compute A ...............................................................226.173ms
··Start:   Compute B in G1
··End:     Compute B in G1 .........................................................297.381ms
··Start:   Compute B in G2
··End:     Compute B in G2 .........................................................752.495ms
··Start:   Finish C
··End:     Finish C ................................................................1.875µs
End:     Groth16::Prover ...........................................................3.693s
Verify proof...
Generate parameters...
Generate CRS...
Start:   Groth16::Generator
··Start:   Constraint synthesis
··End:     Constraint synthesis ....................................................478.767ms
··Start:   Inlining LCs
··End:     Inlining LCs ............................................................999.311ms
··Start:   Constructing evaluation domain
··End:     Constructing evaluation domain ..........................................10.458µs
··Start:   R1CS to QAP Instance Map with Evaluation
····Start:   Evaluate Lagrange coefficients
····End:     Evaluate Lagrange coefficients ........................................80.383ms
··End:     R1CS to QAP Instance Map with Evaluation ................................657.553ms
··Start:   Compute G2 table
··End:     Compute G2 table ........................................................39.769ms
··Start:   Calculate B G2
··End:     Calculate B G2 ..........................................................1.570s
··Start:   Compute G1 window table
··End:     Compute G1 window table .................................................45.041ms
··Start:   Generate the R1CS proving key
····Start:   Calculate A
····End:     Calculate A ...........................................................453.081ms
····Start:   Calculate B G1
····End:     Calculate B G1 ........................................................587.643ms
····Start:   Calculate H
····End:     Calculate H ...........................................................963.189ms
····Start:   Calculate L
····End:     Calculate L ...........................................................735.048ms
··End:     Generate the R1CS proving key ...........................................2.740s
··Start:   Generate the R1CS verification key
··End:     Generate the R1CS verification key ......................................3.686ms
··Start:   Convert proving key elements to affine
··End:     Convert proving key elements to affine ..................................161.598ms
End:     Groth16::Generator ........................................................6.706s
Generate proof...
Start:   Groth16::Prover
··Start:   Constraint synthesis
··End:     Constraint synthesis ....................................................1.515s
··Start:   Inlining LCs
··End:     Inlining LCs ............................................................865.853ms
··Start:   R1CS to QAP witness map
··End:     R1CS to QAP witness map .................................................821.863ms
··Start:   Compute C
··End:     Compute C ...............................................................1.600s
··Start:   Compute A
··End:     Compute A ...............................................................445.564ms
··Start:   Compute B in G1
··End:     Compute B in G1 .........................................................568.522ms
··Start:   Compute B in G2
··End:     Compute B in G2 .........................................................1.467s
··Start:   Finish C
··End:     Finish C ................................................................1.667µs
End:     Groth16::Prover ...........................................................7.287s
Verify proof...
Generate parameters...
Generate CRS...
Start:   Groth16::Generator
··Start:   Constraint synthesis
··End:     Constraint synthesis ....................................................983.642ms
··Start:   Inlining LCs
··End:     Inlining LCs ............................................................2.275s
··Start:   Constructing evaluation domain
··End:     Constructing evaluation domain ..........................................10.333µs
··Start:   R1CS to QAP Instance Map with Evaluation
····Start:   Evaluate Lagrange coefficients
····End:     Evaluate Lagrange coefficients ........................................158.697ms
··End:     R1CS to QAP Instance Map with Evaluation ................................1.348s
··Start:   Compute G2 table
··End:     Compute G2 table ........................................................71.937ms
··Start:   Calculate B G2
··End:     Calculate B G2 ..........................................................3.026s
··Start:   Compute G1 window table
··End:     Compute G1 window table .................................................47.246ms
··Start:   Generate the R1CS proving key
····Start:   Calculate A
····End:     Calculate A ...........................................................916.115ms
····Start:   Calculate B G1
····End:     Calculate B G1 ........................................................1.224s
····Start:   Calculate H
····End:     Calculate H ...........................................................1.889s
····Start:   Calculate L
····End:     Calculate L ...........................................................1.473s
··End:     Generate the R1CS proving key ...........................................5.504s
··Start:   Generate the R1CS verification key
··End:     Generate the R1CS verification key ......................................3.399ms
··Start:   Convert proving key elements to affine
··End:     Convert proving key elements to affine ..................................339.571ms
End:     Groth16::Generator ........................................................13.619s
Generate proof...
Start:   Groth16::Prover
··Start:   Constraint synthesis
··End:     Constraint synthesis ....................................................3.049s
··Start:   Inlining LCs
··End:     Inlining LCs ............................................................1.782s
··Start:   R1CS to QAP witness map
··End:     R1CS to QAP witness map .................................................1.673s
··Start:   Compute C
··End:     Compute C ...............................................................3.313s
··Start:   Compute A
··End:     Compute A ...............................................................879.925ms
··Start:   Compute B in G1
··End:     Compute B in G1 .........................................................1.159s
··Start:   Compute B in G2
··End:     Compute B in G2 .........................................................2.932s
··Start:   Finish C
··End:     Finish C ................................................................1.792µs
End:     Groth16::Prover ...........................................................14.796s
Verify proof...
Generate parameters...
Generate CRS...
Start:   Groth16::Generator
··Start:   Constraint synthesis
··End:     Constraint synthesis ....................................................2.090s
··Start:   Inlining LCs
test tests::test_cc_groth16_without_key has been running for over 60 seconds
··End:     Inlining LCs ............................................................5.836s
··Start:   Constructing evaluation domain
··End:     Constructing evaluation domain ..........................................10.250µs
··Start:   R1CS to QAP Instance Map with Evaluation
····Start:   Evaluate Lagrange coefficients
····End:     Evaluate Lagrange coefficients ........................................340.093ms
··End:     R1CS to QAP Instance Map with Evaluation ................................2.819s
··Start:   Compute G2 table
··End:     Compute G2 table ........................................................136.651ms
··Start:   Calculate B G2
··End:     Calculate B G2 ..........................................................6.422s
··Start:   Compute G1 window table
··End:     Compute G1 window table .................................................93.139ms
··Start:   Generate the R1CS proving key
····Start:   Calculate A
····End:     Calculate A ...........................................................1.908s
····Start:   Calculate B G1
····End:     Calculate B G1 ........................................................2.413s
····Start:   Calculate H
····End:     Calculate H ...........................................................3.920s
····Start:   Calculate L
····End:     Calculate L ...........................................................2.936s
··End:     Generate the R1CS proving key ...........................................11.179s
··Start:   Generate the R1CS verification key
··End:     Generate the R1CS verification key ......................................4.579ms
··Start:   Convert proving key elements to affine
··End:     Convert proving key elements to affine ..................................701.549ms
End:     Groth16::Generator ........................................................29.323s
Generate proof...
Start:   Groth16::Prover
··Start:   Constraint synthesis
··End:     Constraint synthesis ....................................................6.171s
··Start:   Inlining LCs
··End:     Inlining LCs ............................................................3.773s
··Start:   R1CS to QAP witness map
··End:     R1CS to QAP witness map .................................................3.515s
··Start:   Compute C
··End:     Compute C ...............................................................6.918s
··Start:   Compute A
··End:     Compute A ...............................................................1.727s
··Start:   Compute B in G1
··End:     Compute B in G1 .........................................................2.284s
··Start:   Compute B in G2
··End:     Compute B in G2 .........................................................5.944s
··Start:   Finish C
··End:     Finish C ................................................................4.375µs
End:     Groth16::Prover ...........................................................30.349s
Verify proof...
Generate parameters...
Generate CRS...
Start:   Groth16::Generator
··Start:   Constraint synthesis
··End:     Constraint synthesis ....................................................4.928s
··Start:   Inlining LCs
··End:     Inlining LCs ............................................................19.908s
··Start:   Constructing evaluation domain
··End:     Constructing evaluation domain ..........................................10.459µs
··Start:   R1CS to QAP Instance Map with Evaluation
····Start:   Evaluate Lagrange coefficients
····End:     Evaluate Lagrange coefficients ........................................671.801ms
··End:     R1CS to QAP Instance Map with Evaluation ................................8.346s
··Start:   Compute G2 table
··End:     Compute G2 table ........................................................140.282ms
··Start:   Calculate B G2
··End:     Calculate B G2 ..........................................................11.495s
··Start:   Compute G1 window table
··End:     Compute G1 window table .................................................189.607ms
··Start:   Generate the R1CS proving key
····Start:   Calculate A
····End:     Calculate A ...........................................................3.566s
····Start:   Calculate B G1
····End:     Calculate B G1 ........................................................4.538s
····Start:   Calculate H
····End:     Calculate H ...........................................................7.545s
····Start:   Calculate L
····End:     Calculate L ...........................................................5.912s
··End:     Generate the R1CS proving key ...........................................21.564s
··Start:   Generate the R1CS verification key
··End:     Generate the R1CS verification key ......................................4.439ms
··Start:   Convert proving key elements to affine
··End:     Convert proving key elements to affine ..................................2.510s
End:     Groth16::Generator ........................................................69.163s
Generate proof...
Start:   Groth16::Prover
··Start:   Constraint synthesis
··End:     Constraint synthesis ....................................................12.789s
··Start:   Inlining LCs
··End:     Inlining LCs ............................................................10.681s
··Start:   R1CS to QAP witness map
··End:     R1CS to QAP witness map .................................................9.690s
··Start:   Compute C
··End:     Compute C ...............................................................13.912s
··Start:   Compute A
··End:     Compute A ...............................................................3.313s
··Start:   Compute B in G1
··End:     Compute B in G1 .........................................................4.377s
··Start:   Compute B in G2
··End:     Compute B in G2 .........................................................11.498s
··Start:   Finish C
··End:     Finish C ................................................................2.375µs
End:     Groth16::Prover ...........................................................66.300s
Verify proof...
Generate parameters...
Generate CRS...
Start:   Groth16::Generator
··Start:   Constraint synthesis
··End:     Constraint synthesis ....................................................12.527s
··Start:   Inlining LCs
··End:     Inlining LCs ............................................................73.531s
··Start:   Constructing evaluation domain
··End:     Constructing evaluation domain ..........................................10.542µs
··Start:   R1CS to QAP Instance Map with Evaluation
····Start:   Evaluate Lagrange coefficients
····End:     Evaluate Lagrange coefficients ........................................1.427s
··End:     R1CS to QAP Instance Map with Evaluation ................................24.961s
··Start:   Compute G2 table
··End:     Compute G2 table ........................................................269.751ms
··Start:   Calculate B G2
··End:     Calculate B G2 ..........................................................21.699s
··Start:   Compute G1 window table
··End:     Compute G1 window table .................................................175.040ms
··Start:   Generate the R1CS proving key
····Start:   Calculate A
····End:     Calculate A ...........................................................7.247s
····Start:   Calculate B G1
····End:     Calculate B G1 ........................................................9.077s
····Start:   Calculate H
····End:     Calculate H ...........................................................15.428s
····Start:   Calculate L
····End:     Calculate L ...........................................................11.658s
··End:     Generate the R1CS proving key ...........................................43.413s
··Start:   Generate the R1CS verification key
··End:     Generate the R1CS verification key ......................................6.207ms
··Start:   Convert proving key elements to affine
··End:     Convert proving key elements to affine ..................................5.739s
End:     Groth16::Generator ........................................................182.610s
Generate proof...
Start:   Groth16::Prover
··Start:   Constraint synthesis
··End:     Constraint synthesis ....................................................25.737s
··Start:   Inlining LCs
··End:     Inlining LCs ............................................................28.291s
··Start:   R1CS to QAP witness map
··End:     R1CS to QAP witness map .................................................26.358s
··Start:   Compute C
··End:     Compute C ...............................................................28.871s
··Start:   Compute A
··End:     Compute A ...............................................................6.997s
··Start:   Compute B in G1
··End:     Compute B in G1 .........................................................9.263s
··Start:   Compute B in G2
··End:     Compute B in G2 .........................................................23.098s
··Start:   Finish C
··End:     Finish C ................................................................2.375µs
End:     Groth16::Prover ...........................................................148.691s
Verify proof...
