
running 1 test
Generate parameters...
Generate CRS...
Start:   Batched Commit Carrying Groth16::Generator
··Start:   Constraint synthesis
··End:     Constraint synthesis ....................................................767.700µs
··Start:   Inlining LCs
··End:     Inlining LCs ............................................................2.225ms
··Start:   Constructing evaluation domain
··End:     Constructing evaluation domain ..........................................13.574µs
··Start:   R1CS to QAP Instance Map with Evaluation
····Start:   Evaluate Lagrange coefficients
····End:     Evaluate Lagrange coefficients ........................................416.992µs
··End:     R1CS to QAP Instance Map with Evaluation ................................924.982µs
··Start:   Compute G2 table
··End:     Compute G2 table ........................................................929.379µs
··Start:   Calculate B G2 of size 2087
··End:     Calculate B G2 of size 2087 .............................................623.287µs
··Start:   Compute G1 window table
··End:     Compute G1 window table .................................................1.406ms
··Start:   Generate the R1CS verifying key
··End:     Generate the R1CS verifying key .........................................1.145ms
··Start:   Generate the R1CS proving key
····Start:   Calculate A
····End:     Calculate A ...........................................................3.072ms
····Start:   Calculate B G1
····End:     Calculate B G1 ........................................................504.028µs
····Start:   Calculate H
····End:     Calculate H ...........................................................224.003µs
····Start:   Calculate L
····End:     Calculate L ...........................................................119.726µs
··End:     Generate the R1CS proving key ...........................................4.208ms
··Start:   Generate the R1CS commitment key
··End:     Generate the R1CS commitment key ........................................2.780ms
··Start:   Convert proving key elements to affine
··End:     Convert proving key elements to affine ..................................1.117ms
End:     Batched Commit Carrying Groth16::Generator ................................17.103ms
Start:   Compute CM
End:     Compute CM ................................................................1.415ms
Generate proof...
Start:   Groth16::Prover
··Start:   Constraint synthesis
··End:     Constraint synthesis ....................................................1.044ms
··Start:   Inlining LCs
··End:     Inlining LCs ............................................................2.197ms
··Start:   R1CS to QAP witness map
··End:     R1CS to QAP witness map .................................................1.245ms
··Start:   Compute C
··End:     Compute C ...............................................................937.102µs
··Start:   Compute A
··End:     Compute A ...............................................................1.760ms
··Start:   Compute B in G1
··End:     Compute B in G1 .........................................................1.291ms
··Start:   Compute B in G2
··End:     Compute B in G2 .........................................................3.738ms
··Start:   Finish C
··End:     Finish C ................................................................81.903µs
End:     Groth16::Prover ...........................................................12.461ms
batch size: 1024
const cm = ["11265054714093976572143549782231129821008657372023798124948087298913884568992", "9459375265753437689977591988206238220676704690658232138372008610059685631693"]
const proof = ["19747480711698657844715284827451120138199796571754995983743144860740364524039", "6834724616606324644094416380675246014105386815669510052665795458190205101225", "10556034386800221334774007623360050781585301491457791010938396893654734955766", "19008126601655073279161349505565673700201882429534393616313501575924791982538", "9919928160522782413207069560298990777370094683134488995028043448367267083754", "593425824494519173406683993137645120154533512743074348787750949713959935873", "21626448273144756948170735754407850797940885172501449978875893125291705268365", "19544356815184626616557407335096454134163662019090076532974997010374717387410", "1870993522003350872217815886961929325990459792376802183963081189629641492395", "7828701698344563066295927025497258653170333962651364326241246878798048837318"]
const vk = ["13828199405405469729122541532316013787284481080304536123642280238102192783798", "17464130234422310029834233849369556964955954406728411787914249957273382345766", "598134931736234900467939765247253867024649852659867435941841640401379183793", "15738093922633515834030325254155237326871962654522925907436502223905379545674", "6968916291048610467556300646168893816740888448027025530493869108273583004706", "3742868323522615992381454239320464221171781413284762498528913705576558950876", "2188749912273421418627690960495055113189040247210311336384567060537738048017", "7886315911772320705748275036501897798464101451818489947811235783317147421847", "18116135522848799807098603149335833808189545651025808042459006269269774485423", "12605506080368725903516930321853809025834248173189289996010850276789253020998", "166952511631493204231449656218697610907311986171042251972204040991201569250", "9405723661791459230486657811447574978080760740293957163031113300445386902424", "5468402551707376711569794631418779519965410878586968343757704150742945586968", "12385271794042541642232582438724872403871908542390320684977935404386065322821", "16318356223603560067950133812943415166183153670940149056375283599498005218924", "8299721312853331267676833788638313959333966578078819222765927537950999282483", "7665373456462271560595949549018130926272255567627510564014131771440388244102", "2053231046079393100757338915867766615797808657140426626380488828396407571348"]

export const batch1024 = { cm, proof, vk }
Generate parameters...
Generate CRS...
Start:   Batched Commit Carrying Groth16::Generator
··Start:   Constraint synthesis
··End:     Constraint synthesis ....................................................1.284ms
··Start:   Inlining LCs
··End:     Inlining LCs ............................................................4.601ms
··Start:   Constructing evaluation domain
··End:     Constructing evaluation domain ..........................................9.786µs
··Start:   R1CS to QAP Instance Map with Evaluation
····Start:   Evaluate Lagrange coefficients
····End:     Evaluate Lagrange coefficients ........................................165.063µs
··End:     R1CS to QAP Instance Map with Evaluation ................................1.199ms
··Start:   Compute G2 table
··End:     Compute G2 table ........................................................866.598µs
··Start:   Calculate B G2 of size 4138
··End:     Calculate B G2 of size 4138 .............................................887.684µs
··Start:   Compute G1 window table
··End:     Compute G1 window table .................................................2.086ms
··Start:   Generate the R1CS verifying key
··End:     Generate the R1CS verifying key .........................................1.122ms
··Start:   Generate the R1CS proving key
····Start:   Calculate A
····End:     Calculate A ...........................................................5.006ms
····Start:   Calculate B G1
····End:     Calculate B G1 ........................................................685.808µs
····Start:   Calculate H
····End:     Calculate H ...........................................................183.911µs
····Start:   Calculate L
····End:     Calculate L ...........................................................87.055µs
··End:     Generate the R1CS proving key ...........................................6.245ms
··Start:   Generate the R1CS commitment key
··End:     Generate the R1CS commitment key ........................................4.926ms
··Start:   Convert proving key elements to affine
··End:     Convert proving key elements to affine ..................................1.049ms
End:     Batched Commit Carrying Groth16::Generator ................................25.304ms
Start:   Compute CM
End:     Compute CM ................................................................2.372ms
Generate proof...
Start:   Groth16::Prover
··Start:   Constraint synthesis
··End:     Constraint synthesis ....................................................1.984ms
··Start:   Inlining LCs
··End:     Inlining LCs ............................................................4.601ms
··Start:   R1CS to QAP witness map
··End:     R1CS to QAP witness map .................................................1.497ms
··Start:   Compute C
··End:     Compute C ...............................................................959.679µs
··Start:   Compute A
··End:     Compute A ...............................................................2.711ms
··Start:   Compute B in G1
··End:     Compute B in G1 .........................................................1.868ms
··Start:   Compute B in G2
··End:     Compute B in G2 .........................................................3.972ms
··Start:   Finish C
··End:     Finish C ................................................................113.614µs
End:     Groth16::Prover ...........................................................17.864ms
batch size: 2048
const cm = ["17882944983632345689259517427786835364144582867001247126498056090011545620568", "5497726908846116427064260347374787434877324424669917456161016535367704512382"]
const proof = ["5099534710517790347426153455457747915955096289422186066396231777265106408712", "16474107852094383598743349245146585218450285918871839840376003747042825582906", "19377665964788586136919354686622087100400245780762080856576929697918675497223", "6388217682611489617269852668093615922267304367645842200575420704191245288261", "3377118790867188153865452608893163787074682403743104123643235475786517690852", "20605133759706794412602346532147196796916703702668893189785879182903630395836", "18732153546256508101258164014334094407573029356891497964566914912701942871510", "4354094967864698805807065484614204325308536845438962969478507538613226661051", "4349899850983200531325709589161427318229534827963249242129524941973831672740", "8873018025273874523783633945885157032584291710795652046042729297334918293495"]
const vk = ["13828199405405469729122541532316013787284481080304536123642280238102192783798", "17464130234422310029834233849369556964955954406728411787914249957273382345766", "598134931736234900467939765247253867024649852659867435941841640401379183793", "15738093922633515834030325254155237326871962654522925907436502223905379545674", "6968916291048610467556300646168893816740888448027025530493869108273583004706", "3742868323522615992381454239320464221171781413284762498528913705576558950876", "2188749912273421418627690960495055113189040247210311336384567060537738048017", "7886315911772320705748275036501897798464101451818489947811235783317147421847", "18116135522848799807098603149335833808189545651025808042459006269269774485423", "12605506080368725903516930321853809025834248173189289996010850276789253020998", "20152823114832100710999863214558251527577115892325787356584937621458145238125", "20535339944046486705162625750197328394802951196586279020519256082377243101105", "5468402551707376711569794631418779519965410878586968343757704150742945586968", "12385271794042541642232582438724872403871908542390320684977935404386065322821", "16318356223603560067950133812943415166183153670940149056375283599498005218924", "8299721312853331267676833788638313959333966578078819222765927537950999282483", "7665373456462271560595949549018130926272255567627510564014131771440388244102", "2053231046079393100757338915867766615797808657140426626380488828396407571348"]

export const batch2048 = { cm, proof, vk }
Generate parameters...
Generate CRS...
Start:   Batched Commit Carrying Groth16::Generator
··Start:   Constraint synthesis
··End:     Constraint synthesis ....................................................2.456ms
··Start:   Inlining LCs
··End:     Inlining LCs ............................................................10.382ms
··Start:   Constructing evaluation domain
··End:     Constructing evaluation domain ..........................................10.979µs
··Start:   R1CS to QAP Instance Map with Evaluation
····Start:   Evaluate Lagrange coefficients
····End:     Evaluate Lagrange coefficients ........................................124.432µs
··End:     R1CS to QAP Instance Map with Evaluation ................................2.372ms
··Start:   Compute G2 table
··End:     Compute G2 table ........................................................803.180µs
··Start:   Calculate B G2 of size 8237
··End:     Calculate B G2 of size 8237 .............................................1.575ms
··Start:   Compute G1 window table
··End:     Compute G1 window table .................................................3.309ms
··Start:   Generate the R1CS verifying key
··End:     Generate the R1CS verifying key .........................................1.444ms
··Start:   Generate the R1CS proving key
····Start:   Calculate A
····End:     Calculate A ...........................................................10.008ms
····Start:   Calculate B G1
····End:     Calculate B G1 ........................................................1.059ms
····Start:   Calculate H
····End:     Calculate H ...........................................................183.586µs
····Start:   Calculate L
····End:     Calculate L ...........................................................96.532µs
··End:     Generate the R1CS proving key ...........................................11.638ms
··Start:   Generate the R1CS commitment key
··End:     Generate the R1CS commitment key ........................................9.471ms
··Start:   Convert proving key elements to affine
··End:     Convert proving key elements to affine ..................................1.623ms
End:     Batched Commit Carrying Groth16::Generator ................................46.279ms
Start:   Compute CM
End:     Compute CM ................................................................4.476ms
Generate proof...
Start:   Groth16::Prover
··Start:   Constraint synthesis
··End:     Constraint synthesis ....................................................3.949ms
··Start:   Inlining LCs
··End:     Inlining LCs ............................................................9.960ms
··Start:   R1CS to QAP witness map
··End:     R1CS to QAP witness map .................................................2.241ms
··Start:   Compute C
··End:     Compute C ...............................................................1.053ms
··Start:   Compute A
··End:     Compute A ...............................................................4.870ms
··Start:   Compute B in G1
··End:     Compute B in G1 .........................................................3.365ms
··Start:   Compute B in G2
··End:     Compute B in G2 .........................................................6.202ms
··Start:   Finish C
··End:     Finish C ................................................................85.338µs
End:     Groth16::Prover ...........................................................31.971ms
batch size: 4096
const cm = ["17744889746272625321683524165797622199180401851876011983016181176243426246559", "20736056583122126986352372102913423515490868115260977431200356051711236421107"]
const proof = ["18080364268455177910244327611688517345845233228673825878357067743103205690041", "14661393499720075661600865558707603669671420674652625739615884320451513711171", "12572683759637875766861083931043953979788610993994878942637497761317927352407", "12134093262911483005983470880052137330107603584441483610149244265117739229586", "3535425611252600727676242103061829358639115843850751775201842593726173281284", "14895294097475160468443141566309089814490409630737658158017443851008114642387", "18956435236620227870524172181074626583032275813908680462884625944370612463614", "10927619960261362443729726063241778057366008453578582455837979124154482828139", "5139920708527142171785809646317741806192115783810680327777441920300107917253", "1907608904719361476595746206927410594808823902753041921842794434637340201575"]
const vk = ["13828199405405469729122541532316013787284481080304536123642280238102192783798", "17464130234422310029834233849369556964955954406728411787914249957273382345766", "598134931736234900467939765247253867024649852659867435941841640401379183793", "15738093922633515834030325254155237326871962654522925907436502223905379545674", "6968916291048610467556300646168893816740888448027025530493869108273583004706", "3742868323522615992381454239320464221171781413284762498528913705576558950876", "2188749912273421418627690960495055113189040247210311336384567060537738048017", "7886315911772320705748275036501897798464101451818489947811235783317147421847", "18116135522848799807098603149335833808189545651025808042459006269269774485423", "12605506080368725903516930321853809025834248173189289996010850276789253020998", "3273921782530967609139283005014093407450809188435715220285463482728315093200", "19762848563764821719919046030976144195423647737332576640847412560472687113512", "5468402551707376711569794631418779519965410878586968343757704150742945586968", "12385271794042541642232582438724872403871908542390320684977935404386065322821", "16318356223603560067950133812943415166183153670940149056375283599498005218924", "8299721312853331267676833788638313959333966578078819222765927537950999282483", "7665373456462271560595949549018130926272255567627510564014131771440388244102", "2053231046079393100757338915867766615797808657140426626380488828396407571348"]

export const batch4096 = { cm, proof, vk }
Generate parameters...
Generate CRS...
Start:   Batched Commit Carrying Groth16::Generator
··Start:   Constraint synthesis
··End:     Constraint synthesis ....................................................4.944ms
··Start:   Inlining LCs
··End:     Inlining LCs ............................................................21.710ms
··Start:   Constructing evaluation domain
··End:     Constructing evaluation domain ..........................................10.567µs
··Start:   R1CS to QAP Instance Map with Evaluation
····Start:   Evaluate Lagrange coefficients
····End:     Evaluate Lagrange coefficients ........................................151.547µs
··End:     R1CS to QAP Instance Map with Evaluation ................................4.463ms
··Start:   Compute G2 table
··End:     Compute G2 table ........................................................811.641µs
··Start:   Calculate B G2 of size 16432
··End:     Calculate B G2 of size 16432 ............................................2.691ms
··Start:   Compute G1 window table
··End:     Compute G1 window table .................................................5.282ms
··Start:   Generate the R1CS verifying key
··End:     Generate the R1CS verifying key .........................................1.168ms
··Start:   Generate the R1CS proving key
····Start:   Calculate A
····End:     Calculate A ...........................................................17.626ms
····Start:   Calculate B G1
····End:     Calculate B G1 ........................................................2.201ms
····Start:   Calculate H
····End:     Calculate H ...........................................................141.419µs
····Start:   Calculate L
····End:     Calculate L ...........................................................82.173µs
··End:     Generate the R1CS proving key ...........................................20.343ms
··Start:   Generate the R1CS commitment key
··End:     Generate the R1CS commitment key ........................................17.082ms
··Start:   Convert proving key elements to affine
··End:     Convert proving key elements to affine ..................................3.410ms
End:     Batched Commit Carrying Groth16::Generator ................................83.739ms
Start:   Compute CM
End:     Compute CM ................................................................9.091ms
Generate proof...
Start:   Groth16::Prover
··Start:   Constraint synthesis
··End:     Constraint synthesis ....................................................8.896ms
··Start:   Inlining LCs
··End:     Inlining LCs ............................................................22.145ms
··Start:   R1CS to QAP witness map
··End:     R1CS to QAP witness map .................................................2.364ms
··Start:   Compute C
··End:     Compute C ...............................................................957.689µs
··Start:   Compute A
··End:     Compute A ...............................................................9.653ms
··Start:   Compute B in G1
··End:     Compute B in G1 .........................................................6.286ms
··Start:   Compute B in G2
··End:     Compute B in G2 .........................................................11.600ms
··Start:   Finish C
··End:     Finish C ................................................................87.938µs
End:     Groth16::Prover ...........................................................62.599ms
batch size: 8192
const cm = ["4239286707573682324352866765722733672747484279547806175019145342568441526524", "20416656987016957904662974604277139657083950867255673905524633930595157208653"]
const proof = ["19293183823272193724378212580190553022223244478743208015811225795090242118742", "19993562022142895392117748269189764689874071193168025277917000674998045684074", "15308928714856918601174620591206887287226772463708579856146153702098916981293", "21517950130299036740625216202957611966575404697716122112678662149036344804879", "6515910178882427527998232087158822804285986574590442283503126429045210092883", "2726538204920947080732305329891328504040320193175264131501298517650249314744", "4489158648506158155872800330737582981069009978615271336972819902862733302976", "6048066274124453645549003545093805240490123353270514657816892501906543868435", "16503759098578530090656596367818951367546247557942074012395911007244003527891", "20672638740223702013971014618120465997624980424779723634640921666273605755336"]
const vk = ["13828199405405469729122541532316013787284481080304536123642280238102192783798", "17464130234422310029834233849369556964955954406728411787914249957273382345766", "598134931736234900467939765247253867024649852659867435941841640401379183793", "15738093922633515834030325254155237326871962654522925907436502223905379545674", "6968916291048610467556300646168893816740888448027025530493869108273583004706", "3742868323522615992381454239320464221171781413284762498528913705576558950876", "2188749912273421418627690960495055113189040247210311336384567060537738048017", "7886315911772320705748275036501897798464101451818489947811235783317147421847", "18116135522848799807098603149335833808189545651025808042459006269269774485423", "12605506080368725903516930321853809025834248173189289996010850276789253020998", "19912503133679123379512402212625985019079626318191426101116139189339229507191", "15444123790423000214551807311246739831180004721438860469302322150352334499113", "5468402551707376711569794631418779519965410878586968343757704150742945586968", "12385271794042541642232582438724872403871908542390320684977935404386065322821", "16318356223603560067950133812943415166183153670940149056375283599498005218924", "8299721312853331267676833788638313959333966578078819222765927537950999282483", "7665373456462271560595949549018130926272255567627510564014131771440388244102", "2053231046079393100757338915867766615797808657140426626380488828396407571348"]

export const batch8192 = { cm, proof, vk }
Generate parameters...
Generate CRS...
Start:   Batched Commit Carrying Groth16::Generator
··Start:   Constraint synthesis
··End:     Constraint synthesis ....................................................11.401ms
··Start:   Inlining LCs
··End:     Inlining LCs ............................................................48.376ms
··Start:   Constructing evaluation domain
··End:     Constructing evaluation domain ..........................................10.864µs
··Start:   R1CS to QAP Instance Map with Evaluation
····Start:   Evaluate Lagrange coefficients
····End:     Evaluate Lagrange coefficients ........................................136.847µs
··End:     R1CS to QAP Instance Map with Evaluation ................................10.490ms
··Start:   Compute G2 table
··End:     Compute G2 table ........................................................782.668µs
··Start:   Calculate B G2 of size 32819
··End:     Calculate B G2 of size 32819 ............................................5.100ms
··Start:   Compute G1 window table
··End:     Compute G1 window table .................................................4.597ms
··Start:   Generate the R1CS verifying key
··End:     Generate the R1CS verifying key .........................................1.195ms
··Start:   Generate the R1CS proving key
····Start:   Calculate A
····End:     Calculate A ...........................................................34.686ms
····Start:   Calculate B G1
····End:     Calculate B G1 ........................................................5.051ms
····Start:   Calculate H
····End:     Calculate H ...........................................................231.040µs
····Start:   Calculate L
····End:     Calculate L ...........................................................150.988µs
··End:     Generate the R1CS proving key ...........................................40.416ms
··Start:   Generate the R1CS commitment key
··End:     Generate the R1CS commitment key ........................................34.029ms
··Start:   Convert proving key elements to affine
··End:     Convert proving key elements to affine ..................................5.452ms
End:     Batched Commit Carrying Groth16::Generator ................................164.651ms
Start:   Compute CM
End:     Compute CM ................................................................16.383ms
Generate proof...
Start:   Groth16::Prover
··Start:   Constraint synthesis
··End:     Constraint synthesis ....................................................22.079ms
··Start:   Inlining LCs
··End:     Inlining LCs ............................................................51.219ms
··Start:   R1CS to QAP witness map
··End:     R1CS to QAP witness map .................................................5.614ms
··Start:   Compute C
··End:     Compute C ...............................................................1.080ms
··Start:   Compute A
··End:     Compute A ...............................................................20.469ms
··Start:   Compute B in G1
··End:     Compute B in G1 .........................................................13.029ms
··Start:   Compute B in G2
··End:     Compute B in G2 .........................................................27.307ms
··Start:   Finish C
··End:     Finish C ................................................................87.380µs
End:     Groth16::Prover ...........................................................141.291ms
batch size: 16384
const cm = ["7376957247837166563521094597335114445444908789408983881523886307860141712192", "12744275595581665131272924466808949585541669243234240099985561728201676815219"]
const proof = ["9411892119306778984056285286669465922763740351114077709004988511895584660953", "13680418241548192230915644182710681643522508761207076860160362025838909269869", "16333666133865000177366754808295999025643375936862925190465261938367318363948", "20126631976185968887606026101902328393501462369982417335182498661752288916941", "20522221792523782271871516656609161162610546296860094226296191335487775666438", "1301530908561600101907317783710426854522332964949554696079400693076468766839", "16203922499527864191237223582947647701604263627265053833535827452640998474937", "16408393851457440255474462093309537340300656771215584092406544724009786744382", "16432785651543209183561961857467861961622807422630691450866943745279995881925", "5695674940568800276072280833041612670868098418489632063731775742705589633476"]
const vk = ["13828199405405469729122541532316013787284481080304536123642280238102192783798", "17464130234422310029834233849369556964955954406728411787914249957273382345766", "598134931736234900467939765247253867024649852659867435941841640401379183793", "15738093922633515834030325254155237326871962654522925907436502223905379545674", "6968916291048610467556300646168893816740888448027025530493869108273583004706", "3742868323522615992381454239320464221171781413284762498528913705576558950876", "2188749912273421418627690960495055113189040247210311336384567060537738048017", "7886315911772320705748275036501897798464101451818489947811235783317147421847", "18116135522848799807098603149335833808189545651025808042459006269269774485423", "12605506080368725903516930321853809025834248173189289996010850276789253020998", "17530405499598378759440231061369890315350301608990742070229283525280803089552", "12081619752749439052970199119908797708222529340634575311020696078959924542093", "5468402551707376711569794631418779519965410878586968343757704150742945586968", "12385271794042541642232582438724872403871908542390320684977935404386065322821", "16318356223603560067950133812943415166183153670940149056375283599498005218924", "8299721312853331267676833788638313959333966578078819222765927537950999282483", "7665373456462271560595949549018130926272255567627510564014131771440388244102", "2053231046079393100757338915867766615797808657140426626380488828396407571348"]

export const batch16384 = { cm, proof, vk }
Generate parameters...
Generate CRS...
Start:   Batched Commit Carrying Groth16::Generator
··Start:   Constraint synthesis
··End:     Constraint synthesis ....................................................25.796ms
··Start:   Inlining LCs
··End:     Inlining LCs ............................................................110.927ms
··Start:   Constructing evaluation domain
··End:     Constructing evaluation domain ..........................................11.125µs
··Start:   R1CS to QAP Instance Map with Evaluation
····Start:   Evaluate Lagrange coefficients
····End:     Evaluate Lagrange coefficients ........................................302.746µs
··End:     R1CS to QAP Instance Map with Evaluation ................................24.854ms
··Start:   Compute G2 table
··End:     Compute G2 table ........................................................1.084ms
··Start:   Calculate B G2 of size 65590
··End:     Calculate B G2 of size 65590 ............................................10.566ms
··Start:   Compute G1 window table
··End:     Compute G1 window table .................................................10.014ms
··Start:   Generate the R1CS verifying key
··End:     Generate the R1CS verifying key .........................................1.124ms
··Start:   Generate the R1CS proving key
····Start:   Calculate A
····End:     Calculate A ...........................................................64.339ms
····Start:   Calculate B G1
····End:     Calculate B G1 ........................................................9.416ms
····Start:   Calculate H
····End:     Calculate H ...........................................................262.176µs
····Start:   Calculate L
····End:     Calculate L ...........................................................133.243µs
··End:     Generate the R1CS proving key ...........................................74.448ms
··Start:   Generate the R1CS commitment key
··End:     Generate the R1CS commitment key ........................................65.937ms
··Start:   Convert proving key elements to affine
··End:     Convert proving key elements to affine ..................................7.143ms
End:     Batched Commit Carrying Groth16::Generator ................................337.937ms
Start:   Compute CM
End:     Compute CM ................................................................30.399ms
Generate proof...
Start:   Groth16::Prover
··Start:   Constraint synthesis
··End:     Constraint synthesis ....................................................41.030ms
··Start:   Inlining LCs
··End:     Inlining LCs ............................................................99.993ms
··Start:   R1CS to QAP witness map
··End:     R1CS to QAP witness map .................................................8.949ms
··Start:   Compute C
··End:     Compute C ...............................................................1.241ms
··Start:   Compute A
··End:     Compute A ...............................................................34.077ms
··Start:   Compute B in G1
··End:     Compute B in G1 .........................................................18.180ms
··Start:   Compute B in G2
··End:     Compute B in G2 .........................................................31.908ms
··Start:   Finish C
··End:     Finish C ................................................................85.955µs
End:     Groth16::Prover ...........................................................235.994ms
batch size: 32768
const cm = ["7993527110187006829367278868869923766478255693101684866522658459448856865437", "4127161968231074250556175847020460000697405359443175826226113821873511799630"]
const proof = ["20483762727719050518247194796377977219948174230056874710582423867516515832956", "1568006793337432430447684831520026579926224774111549442912560017146348400537", "20146147304188629278975478915864155496621032618358369538935792215380792434223", "9305106009417636623283970215122303235468122024863355746318734818879429737820", "13201530385804167533985187313146990129566343108021386369862684792059796264617", "17320620059856201847469935653862132503182897476125399191669229261954849825062", "9793550973629881074019566545057672245208649049931101326854934483346703896520", "20332645465806008082161726643652840007009990682705135832112010022964004900575", "914104524719087018380778082814948544947113403648710820602052603910703622172", "6141294984149785223811593737542038559910563505862977747222888119095483936218"]
const vk = ["13828199405405469729122541532316013787284481080304536123642280238102192783798", "17464130234422310029834233849369556964955954406728411787914249957273382345766", "598134931736234900467939765247253867024649852659867435941841640401379183793", "15738093922633515834030325254155237326871962654522925907436502223905379545674", "6968916291048610467556300646168893816740888448027025530493869108273583004706", "3742868323522615992381454239320464221171781413284762498528913705576558950876", "2188749912273421418627690960495055113189040247210311336384567060537738048017", "7886315911772320705748275036501897798464101451818489947811235783317147421847", "18116135522848799807098603149335833808189545651025808042459006269269774485423", "12605506080368725903516930321853809025834248173189289996010850276789253020998", "15130641638917378193211358853174153083562752652169218953423890423476532599003", "6777705968265339228964120814796665924615004327727288502693749066224016403890", "5468402551707376711569794631418779519965410878586968343757704150742945586968", "12385271794042541642232582438724872403871908542390320684977935404386065322821", "16318356223603560067950133812943415166183153670940149056375283599498005218924", "8299721312853331267676833788638313959333966578078819222765927537950999282483", "7665373456462271560595949549018130926272255567627510564014131771440388244102", "2053231046079393100757338915867766615797808657140426626380488828396407571348"]

export const batch32768 = { cm, proof, vk }
Generate parameters...
Generate CRS...
Start:   Batched Commit Carrying Groth16::Generator
··Start:   Constraint synthesis
··End:     Constraint synthesis ....................................................53.729ms
··Start:   Inlining LCs
··End:     Inlining LCs ............................................................242.339ms
··Start:   Constructing evaluation domain
··End:     Constructing evaluation domain ..........................................11.082µs
··Start:   R1CS to QAP Instance Map with Evaluation
····Start:   Evaluate Lagrange coefficients
····End:     Evaluate Lagrange coefficients ........................................233.808µs
··End:     R1CS to QAP Instance Map with Evaluation ................................52.755ms
··Start:   Compute G2 table
··End:     Compute G2 table ........................................................734.531µs
··Start:   Calculate B G2 of size 131129
··End:     Calculate B G2 of size 131129 ...........................................20.469ms
··Start:   Compute G1 window table
··End:     Compute G1 window table .................................................17.602ms
··Start:   Generate the R1CS verifying key
··End:     Generate the R1CS verifying key .........................................1.196ms
··Start:   Generate the R1CS proving key
····Start:   Calculate A
····End:     Calculate A ...........................................................130.667ms
····Start:   Calculate B G1
····End:     Calculate B G1 ........................................................19.302ms
····Start:   Calculate H
····End:     Calculate H ...........................................................230.042µs
····Start:   Calculate L
····End:     Calculate L ...........................................................183.966µs
··End:     Generate the R1CS proving key ...........................................150.675ms
··Start:   Generate the R1CS commitment key
··End:     Generate the R1CS commitment key ........................................128.649ms
··Start:   Convert proving key elements to affine
··End:     Convert proving key elements to affine ..................................24.203ms
End:     Batched Commit Carrying Groth16::Generator ................................705.576ms
Start:   Compute CM
End:     Compute CM ................................................................63.290ms
Generate proof...
Start:   Groth16::Prover
··Start:   Constraint synthesis
··End:     Constraint synthesis ....................................................92.927ms
··Start:   Inlining LCs
··End:     Inlining LCs ............................................................229.414ms
··Start:   R1CS to QAP witness map
··End:     R1CS to QAP witness map .................................................19.099ms
··Start:   Compute C
··End:     Compute C ...............................................................2.404ms
··Start:   Compute A
··End:     Compute A ...............................................................68.279ms
··Start:   Compute B in G1
··End:     Compute B in G1 .........................................................41.870ms
··Start:   Compute B in G2
··End:     Compute B in G2 .........................................................66.400ms
··Start:   Finish C
··End:     Finish C ................................................................84.474µs
End:     Groth16::Prover ...........................................................521.419ms
batch size: 65536
const cm = ["10640711630744899272320479673495546438064369970888824647763015001939076163812", "9329569914356463408748650326557715350904968589964807443184782634068217647221"]
const proof = ["15236096172537339638980795301113425517707544177621553160846956764855847634460", "1846286679522663022260708941421754074561562979805354105970561606824602205479", "913509116111669339356699917963571458420699177894781597724366155156526120303", "10914894786756706682601516901257665091266296004391874569122348461529433568229", "20549441939310875689633295415243781263688782545698595120910338062942576888379", "16759851979464828462866654155977175992045579346599348781203120177364226359474", "3967855018636978856019920684431026386591619292355611995463070714808523510704", "12090961416114470199775748466877207053956507398801498141916699237554304715002", "12223828408819212150052696431866401932971871689515123002029240718647101443078", "18154826585324352475591001127217802793493759405634124269720421420181032154019"]
const vk = ["13828199405405469729122541532316013787284481080304536123642280238102192783798", "17464130234422310029834233849369556964955954406728411787914249957273382345766", "598134931736234900467939765247253867024649852659867435941841640401379183793", "15738093922633515834030325254155237326871962654522925907436502223905379545674", "6968916291048610467556300646168893816740888448027025530493869108273583004706", "3742868323522615992381454239320464221171781413284762498528913705576558950876", "2188749912273421418627690960495055113189040247210311336384567060537738048017", "7886315911772320705748275036501897798464101451818489947811235783317147421847", "18116135522848799807098603149335833808189545651025808042459006269269774485423", "12605506080368725903516930321853809025834248173189289996010850276789253020998", "44912755232065288908616997378477872839984193434683593269465063983712415157", "12150244328575204088524013758026530480224989728285352864359968885854580374336", "5468402551707376711569794631418779519965410878586968343757704150742945586968", "12385271794042541642232582438724872403871908542390320684977935404386065322821", "16318356223603560067950133812943415166183153670940149056375283599498005218924", "8299721312853331267676833788638313959333966578078819222765927537950999282483", "7665373456462271560595949549018130926272255567627510564014131771440388244102", "2053231046079393100757338915867766615797808657140426626380488828396407571348"]

export const batch65536 = { cm, proof, vk }
Generate parameters...
Generate CRS...
Start:   Batched Commit Carrying Groth16::Generator
··Start:   Constraint synthesis
··End:     Constraint synthesis ....................................................120.779ms
··Start:   Inlining LCs
··End:     Inlining LCs ............................................................510.512ms
··Start:   Constructing evaluation domain
··End:     Constructing evaluation domain ..........................................11.082µs
··Start:   R1CS to QAP Instance Map with Evaluation
····Start:   Evaluate Lagrange coefficients
····End:     Evaluate Lagrange coefficients ........................................128.034µs
··End:     R1CS to QAP Instance Map with Evaluation ................................111.609ms
··Start:   Compute G2 table
··End:     Compute G2 table ........................................................887.930µs
··Start:   Calculate B G2 of size 262204
··End:     Calculate B G2 of size 262204 ...........................................40.117ms
··Start:   Compute G1 window table
··End:     Compute G1 window table .................................................20.529ms
··Start:   Generate the R1CS verifying key
··End:     Generate the R1CS verifying key .........................................1.171ms
··Start:   Generate the R1CS proving key
····Start:   Calculate A
····End:     Calculate A ...........................................................240.912ms
····Start:   Calculate B G1
····End:     Calculate B G1 ........................................................35.662ms
····Start:   Calculate H
····End:     Calculate H ...........................................................214.560µs
····Start:   Calculate L
····End:     Calculate L ...........................................................101.640µs
··End:     Generate the R1CS proving key ...........................................277.213ms
··Start:   Generate the R1CS commitment key
··End:     Generate the R1CS commitment key ........................................241.920ms
··Start:   Convert proving key elements to affine
··End:     Convert proving key elements to affine ..................................32.153ms
End:     Batched Commit Carrying Groth16::Generator ................................1.378s
Start:   Compute CM
End:     Compute CM ................................................................121.666ms
Generate proof...
Start:   Groth16::Prover
··Start:   Constraint synthesis
··End:     Constraint synthesis ....................................................193.356ms
··Start:   Inlining LCs
··End:     Inlining LCs ............................................................536.948ms
··Start:   R1CS to QAP witness map
··End:     R1CS to QAP witness map .................................................46.978ms
··Start:   Compute C
··End:     Compute C ...............................................................1.643ms
··Start:   Compute A
··End:     Compute A ...............................................................131.480ms
··Start:   Compute B in G1
··End:     Compute B in G1 .........................................................68.109ms
··Start:   Compute B in G2
··End:     Compute B in G2 .........................................................114.237ms
··Start:   Finish C
··End:     Finish C ................................................................85.727µs
End:     Groth16::Prover ...........................................................1.095s
batch size: 131072
const cm = ["12698396764054467247636894933313742134427140201710381901675393773644982684970", "11602995662596292309351907625567556661114781939083419825779681405893078561057"]
const proof = ["8370803091072458244935028907381207412335876466166347019695114349693550825709", "16180023662898621138200599105205547729237832481759193153754362403897053054435", "15448990067583210405455744102485120359248984398587075160443103518840703932179", "13932350529782489842447310462011476709019204886645387815579598756170349243799", "11694503996649589246289301219989232524531469031832403633554123218682395437527", "6815880195929559258588238458934059574053140209204332262445984988346722056011", "20139562686099579045182326732151404208328469015462744733915010303605903300607", "15573768104677010292010829768277955261109318841257881561741147824403462198975", "16120847489094626486476897769557615928461047232437673489327095179611509793999", "19450273845111349205284304753646159483183437325547758369696006834385432517356"]
const vk = ["13828199405405469729122541532316013787284481080304536123642280238102192783798", "17464130234422310029834233849369556964955954406728411787914249957273382345766", "598134931736234900467939765247253867024649852659867435941841640401379183793", "15738093922633515834030325254155237326871962654522925907436502223905379545674", "6968916291048610467556300646168893816740888448027025530493869108273583004706", "3742868323522615992381454239320464221171781413284762498528913705576558950876", "2188749912273421418627690960495055113189040247210311336384567060537738048017", "7886315911772320705748275036501897798464101451818489947811235783317147421847", "18116135522848799807098603149335833808189545651025808042459006269269774485423", "12605506080368725903516930321853809025834248173189289996010850276789253020998", "20538259875751516711964497548163510429203851801514822517224629008117614604167", "15495399467150719694231126099085808007013051655184695597896262910457153802284", "5468402551707376711569794631418779519965410878586968343757704150742945586968", "12385271794042541642232582438724872403871908542390320684977935404386065322821", "16318356223603560067950133812943415166183153670940149056375283599498005218924", "8299721312853331267676833788638313959333966578078819222765927537950999282483", "7665373456462271560595949549018130926272255567627510564014131771440388244102", "2053231046079393100757338915867766615797808657140426626380488828396407571348"]

export const batch131072 = { cm, proof, vk }
Generate parameters...
Generate CRS...
Start:   Batched Commit Carrying Groth16::Generator
··Start:   Constraint synthesis
··End:     Constraint synthesis ....................................................236.450ms
··Start:   Inlining LCs
··End:     Inlining LCs ............................................................1.071s
··Start:   Constructing evaluation domain
··End:     Constructing evaluation domain ..........................................10.284µs
··Start:   R1CS to QAP Instance Map with Evaluation
····Start:   Evaluate Lagrange coefficients
····End:     Evaluate Lagrange coefficients ........................................356.143µs
··End:     R1CS to QAP Instance Map with Evaluation ................................249.258ms
··Start:   Compute G2 table
··End:     Compute G2 table ........................................................790.662µs
··Start:   Calculate B G2 of size 524351
··End:     Calculate B G2 of size 524351 ...........................................79.102ms
··Start:   Compute G1 window table
··End:     Compute G1 window table .................................................36.294ms
··Start:   Generate the R1CS verifying key
··End:     Generate the R1CS verifying key .........................................1.435ms
··Start:   Generate the R1CS proving key
····Start:   Calculate A
····End:     Calculate A ...........................................................473.785ms
····Start:   Calculate B G1
····End:     Calculate B G1 ........................................................68.426ms
····Start:   Calculate H
····End:     Calculate H ...........................................................175.950µs
····Start:   Calculate L
····End:     Calculate L ...........................................................109.778µs
··End:     Generate the R1CS proving key ...........................................542.920ms
··Start:   Generate the R1CS commitment key
··End:     Generate the R1CS commitment key ........................................457.483ms
··Start:   Convert proving key elements to affine
··End:     Convert proving key elements to affine ..................................87.197ms
End:     Batched Commit Carrying Groth16::Generator ................................2.815s
Start:   Compute CM
End:     Compute CM ................................................................223.175ms
Generate proof...
Start:   Groth16::Prover
··Start:   Constraint synthesis
··End:     Constraint synthesis ....................................................396.169ms
··Start:   Inlining LCs
··End:     Inlining LCs ............................................................1.118s
··Start:   R1CS to QAP witness map
··End:     R1CS to QAP witness map .................................................90.406ms
··Start:   Compute C
··End:     Compute C ...............................................................2.561ms
··Start:   Compute A
··End:     Compute A ...............................................................234.214ms
··Start:   Compute B in G1
··End:     Compute B in G1 .........................................................102.844ms
··Start:   Compute B in G2
··End:     Compute B in G2 .........................................................165.262ms
··Start:   Finish C
··End:     Finish C ................................................................88.069µs
End:     Groth16::Prover ...........................................................2.113s
batch size: 262144
const cm = ["13156480603702121573048339553394415072740165242887188134488782918377476409131", "7184504161030678700605353493925051052872722915454938750907200648933632762787"]
const proof = ["18676913027221311887501975301669365754293567658281508216896322814321090265869", "3392537079281127829732764745376395998301717090192587638375298976303552149252", "21420791701592418423154753283309799805488493152562981006561593955802432456868", "234771563206452302638927719557803404795297833740634119407812812608120282536", "4165566534727011744804754583189266063524599285293950974496705825721585867848", "14652730547038937645156645611274616740177734097554100286704896017431134820584", "2416060141274433257333375966371186190432545493767303783065787141254985324271", "16947140422091963372422517243837066639596324563934175178071310008639124324772", "4448133974458562990766566059654099278620498532252351633738638502371334398919", "5231383315167207766107455432053853753982411381936089005756698403215246209373"]
const vk = ["13828199405405469729122541532316013787284481080304536123642280238102192783798", "17464130234422310029834233849369556964955954406728411787914249957273382345766", "598134931736234900467939765247253867024649852659867435941841640401379183793", "15738093922633515834030325254155237326871962654522925907436502223905379545674", "6968916291048610467556300646168893816740888448027025530493869108273583004706", "3742868323522615992381454239320464221171781413284762498528913705576558950876", "2188749912273421418627690960495055113189040247210311336384567060537738048017", "7886315911772320705748275036501897798464101451818489947811235783317147421847", "18116135522848799807098603149335833808189545651025808042459006269269774485423", "12605506080368725903516930321853809025834248173189289996010850276789253020998", "21159870942468648702921344068164131011449035494972547176920663069647873433523", "10893309106622897548063008993611748631675129050580934310247963053524230584001", "5468402551707376711569794631418779519965410878586968343757704150742945586968", "12385271794042541642232582438724872403871908542390320684977935404386065322821", "16318356223603560067950133812943415166183153670940149056375283599498005218924", "8299721312853331267676833788638313959333966578078819222765927537950999282483", "7665373456462271560595949549018130926272255567627510564014131771440388244102", "2053231046079393100757338915867766615797808657140426626380488828396407571348"]

export const batch262144 = { cm, proof, vk }
Generate parameters...
Generate CRS...
Start:   Batched Commit Carrying Groth16::Generator
··Start:   Constraint synthesis
··End:     Constraint synthesis ....................................................499.119ms
··Start:   Inlining LCs
··End:     Inlining LCs ............................................................2.670s
··Start:   Constructing evaluation domain
··End:     Constructing evaluation domain ..........................................10.709µs
··Start:   R1CS to QAP Instance Map with Evaluation
····Start:   Evaluate Lagrange coefficients
····End:     Evaluate Lagrange coefficients ........................................240.317µs
··End:     R1CS to QAP Instance Map with Evaluation ................................551.709ms
··Start:   Compute G2 table
··End:     Compute G2 table ........................................................817.805µs
··Start:   Calculate B G2 of size 1048642
··End:     Calculate B G2 of size 1048642 ..........................................159.026ms
··Start:   Compute G1 window table
··End:     Compute G1 window table .................................................58.549ms
··Start:   Generate the R1CS verifying key
··End:     Generate the R1CS verifying key .........................................1.222ms
··Start:   Generate the R1CS proving key
····Start:   Calculate A
····End:     Calculate A ...........................................................892.351ms
····Start:   Calculate B G1
····End:     Calculate B G1 ........................................................136.512ms
····Start:   Calculate H
····End:     Calculate H ...........................................................237.614µs
····Start:   Calculate L
····End:     Calculate L ...........................................................74.102µs
··End:     Generate the R1CS proving key ...........................................1.029s
··Start:   Generate the R1CS commitment key
··End:     Generate the R1CS commitment key ........................................905.979ms
··Start:   Convert proving key elements to affine
··End:     Convert proving key elements to affine ..................................169.693ms
End:     Batched Commit Carrying Groth16::Generator ................................6.146s
Start:   Compute CM
End:     Compute CM ................................................................464.596ms
Generate proof...
Start:   Groth16::Prover
··Start:   Constraint synthesis
··End:     Constraint synthesis ....................................................824.114ms
··Start:   Inlining LCs
··End:     Inlining LCs ............................................................2.532s
··Start:   R1CS to QAP witness map
··End:     R1CS to QAP witness map .................................................213.842ms
··Start:   Compute C
··End:     Compute C ...............................................................4.309ms
··Start:   Compute A
··End:     Compute A ...............................................................512.969ms
··Start:   Compute B in G1
··End:     Compute B in G1 .........................................................199.371ms
··Start:   Compute B in G2
··End:     Compute B in G2 .........................................................313.190ms
··Start:   Finish C
··End:     Finish C ................................................................89.911µs
End:     Groth16::Prover ...........................................................4.604s
batch size: 524288
const cm = ["17805879534779163522755510575534316655249717038741799412973748874353046170702", "20412091566824171444976950615251460548934608379888378202224152243174577960579"]
const proof = ["12724591012625877307619950028929145334205248902715819767282896411886375570213", "6738220147129824816274142604473658696901975193431473277078106229040620944105", "13569210478431363762099296393890076427118370583646744944822621095085289328987", "21271434119417507972874998635145784360254338908073468996829623549834423885417", "8533785984658179084047217860553486530036799442268206285392782071328649345855", "40068710718960307307968948650193941898978606566381603525810436106054765392", "5766529394017302992300415711392141976826909271128338571275340422372745331533", "4982109215827179751467499931777964822301845005451606233396290889434978994152", "20347433051537774288656460263513087835223900284360897497348489479477184569945", "19034465102433017449553955794122857869952070823570694818403718717079569575603"]
const vk = ["13828199405405469729122541532316013787284481080304536123642280238102192783798", "17464130234422310029834233849369556964955954406728411787914249957273382345766", "598134931736234900467939765247253867024649852659867435941841640401379183793", "15738093922633515834030325254155237326871962654522925907436502223905379545674", "6968916291048610467556300646168893816740888448027025530493869108273583004706", "3742868323522615992381454239320464221171781413284762498528913705576558950876", "2188749912273421418627690960495055113189040247210311336384567060537738048017", "7886315911772320705748275036501897798464101451818489947811235783317147421847", "18116135522848799807098603149335833808189545651025808042459006269269774485423", "12605506080368725903516930321853809025834248173189289996010850276789253020998", "13846118925348320374515319745481041207671252344583333387265220512586150910104", "13325652979391989513290678978037630489463597986701915592417022761679128164103", "5468402551707376711569794631418779519965410878586968343757704150742945586968", "12385271794042541642232582438724872403871908542390320684977935404386065322821", "16318356223603560067950133812943415166183153670940149056375283599498005218924", "8299721312853331267676833788638313959333966578078819222765927537950999282483", "3499982221062096982659871613231576270886338626507509849441478811158293818251", "2667382434837879846284976643777742342453740171536702829406402855136524777029"]

export const batch524288 = { cm, proof, vk }
Generate parameters...
Generate CRS...
Start:   Batched Commit Carrying Groth16::Generator
··Start:   Constraint synthesis
··End:     Constraint synthesis ....................................................1.016s
··Start:   Inlining LCs
··End:     Inlining LCs ............................................................5.790s
··Start:   Constructing evaluation domain
··End:     Constructing evaluation domain ..........................................10.986µs
··Start:   R1CS to QAP Instance Map with Evaluation
····Start:   Evaluate Lagrange coefficients
····End:     Evaluate Lagrange coefficients ........................................154.922µs
··End:     R1CS to QAP Instance Map with Evaluation ................................1.113s
··Start:   Compute G2 table
··End:     Compute G2 table ........................................................811.017µs
··Start:   Calculate B G2 of size 2097221
··End:     Calculate B G2 of size 2097221 ..........................................318.782ms
··Start:   Compute G1 window table
··End:     Compute G1 window table .................................................58.147ms
··Start:   Generate the R1CS verifying key
··End:     Generate the R1CS verifying key .........................................1.228ms
··Start:   Generate the R1CS proving key
····Start:   Calculate A
····End:     Calculate A ...........................................................1.786s
····Start:   Calculate B G1
····End:     Calculate B G1 ........................................................283.692ms
····Start:   Calculate H
····End:     Calculate H ...........................................................250.764µs
····Start:   Calculate L
····End:     Calculate L ...........................................................77.606µs
··End:     Generate the R1CS proving key ...........................................2.070s
··Start:   Generate the R1CS commitment key
··End:     Generate the R1CS commitment key ........................................1.814s
··Start:   Convert proving key elements to affine
··End:     Convert proving key elements to affine ..................................288.604ms
End:     Batched Commit Carrying Groth16::Generator ................................12.662s
Start:   Compute CM
End:     Compute CM ................................................................884.816ms
Generate proof...
Start:   Groth16::Prover
··Start:   Constraint synthesis
··End:     Constraint synthesis ....................................................1.669s
··Start:   Inlining LCs
test tests::test_bcc_groth16_without_key has been running for over 60 seconds
··End:     Inlining LCs ............................................................5.635s
··Start:   R1CS to QAP witness map
··End:     R1CS to QAP witness map .................................................489.002ms
··Start:   Compute C
··End:     Compute C ...............................................................8.251ms
··Start:   Compute A
··End:     Compute A ...............................................................934.711ms
··Start:   Compute B in G1
··End:     Compute B in G1 .........................................................346.629ms
··Start:   Compute B in G2
··End:     Compute B in G2 .........................................................473.938ms
··Start:   Finish C
··End:     Finish C ................................................................83.243µs
End:     Groth16::Prover ...........................................................9.569s
batch size: 1048576
const cm = ["12428290997642700030083573730572776659376159279017934658975944297797969728072", "21204393813019609786450002040926858926566209309693458535907370513249714172063"]
const proof = ["3445270620620865810221516312858434835378606939771865116710271081073474635601", "11134388887436303261865300429820533456931690287281792871237434063741583785543", "17451746331643739810871447972528184516199635441578257093067567597399560445711", "1040329558702499557835322762412593357409761258694172304456974027369927306600", "11081836426789559837072397147123501258110979854783551160225604707622880057440", "7003543499331330947029436243184071889941157313301506526177089261924187626794", "13183646943828554774970523575130761432537643784226466297182928554009002296568", "10885224416185137461265546820359232242178010611929394294978744491585433550473", "7666974674416655648587576425091650724692091786881230071531694813225154722553", "19337898639831422079790380506521306849690498789167881480757585996744755411769"]
const vk = ["13828199405405469729122541532316013787284481080304536123642280238102192783798", "17464130234422310029834233849369556964955954406728411787914249957273382345766", "598134931736234900467939765247253867024649852659867435941841640401379183793", "15738093922633515834030325254155237326871962654522925907436502223905379545674", "6968916291048610467556300646168893816740888448027025530493869108273583004706", "3742868323522615992381454239320464221171781413284762498528913705576558950876", "2188749912273421418627690960495055113189040247210311336384567060537738048017", "7886315911772320705748275036501897798464101451818489947811235783317147421847", "18116135522848799807098603149335833808189545651025808042459006269269774485423", "12605506080368725903516930321853809025834248173189289996010850276789253020998", "18944686288649504545111874084465680824642059686720920459462598737794878906007", "6022929705851207606499559357374016177716907559813671841574429084038854462325", "5468402551707376711569794631418779519965410878586968343757704150742945586968", "12385271794042541642232582438724872403871908542390320684977935404386065322821", "16318356223603560067950133812943415166183153670940149056375283599498005218924", "8299721312853331267676833788638313959333966578078819222765927537950999282483", "3499982221062096982659871613231576270886338626507509849441478811158293818251", "2667382434837879846284976643777742342453740171536702829406402855136524777029"]

export const batch1048576 = { cm, proof, vk }
test tests::test_bcc_groth16_without_key ... ok

test result: ok. 1 passed; 0 failed; 0 ignored; 0 measured; 9 filtered out; finished in 65.65s

