
running 1 test
Generate parameters...
Generate CRS...
Start:   Batched Commit Carrying Groth16::Generator
··Start:   Constraint synthesis
··End:     Constraint synthesis ....................................................76.416µs
··Start:   Inlining LCs
··End:     Inlining LCs ............................................................50.458µs
··Start:   Constructing evaluation domain
··End:     Constructing evaluation domain ..........................................49.375µs
··Start:   R1CS to QAP Instance Map with Evaluation
····Start:   Evaluate Lagrange coefficients
····End:     Evaluate Lagrange coefficients ........................................796.542µs
··End:     R1CS to QAP Instance Map with Evaluation ................................888.792µs
··Start:   Compute G2 table
··End:     Compute G2 table ........................................................1.772ms
··Start:   Calculate B G2 of size 14
··End:     Calculate B G2 of size 14 ...............................................246.375µs
··Start:   Compute G1 window table
··End:     Compute G1 window table .................................................1.545ms
··Start:   Generate the R1CS verifying key
··End:     Generate the R1CS verifying key .........................................2.542ms
··Start:   Generate the R1CS proving key
····Start:   Calculate A
····End:     Calculate A ...........................................................229.750µs
····Start:   Calculate B G1
····End:     Calculate B G1 ........................................................79.709µs
····Start:   Calculate H
····End:     Calculate H ...........................................................149.125µs
····Start:   Calculate L
····End:     Calculate L ...........................................................238.167µs
··End:     Generate the R1CS proving key ...........................................1.273ms
··Start:   Generate the R1CS commitment key
··End:     Generate the R1CS commitment key ........................................198.625µs
··Start:   Convert proving key elements to affine
··End:     Convert proving key elements to affine ..................................587.750µs
End:     Batched Commit Carrying Groth16::Generator ................................10.165ms
Generate proof...
Start:   Groth16::Prover
··Start:   Constraint synthesis
··End:     Constraint synthesis ....................................................7.917µs
··Start:   Inlining LCs
··End:     Inlining LCs ............................................................7.250µs
··Start:   R1CS to QAP witness map
··End:     R1CS to QAP witness map .................................................1.288ms
··Start:   Compute C
··End:     Compute C ...............................................................1.064ms
··Start:   Compute D (Proof Dependent Commitment) in G1
··End:     Compute D (Proof Dependent Commitment) in G1 ............................295.000µs
··Start:   Compute A
··End:     Compute A ...............................................................747.500µs
··Start:   Compute B in G1
··End:     Compute B in G1 .........................................................510.042µs
··Start:   Compute B in G2
··End:     Compute B in G2 .........................................................1.238ms
··Start:   Finish C
··End:     Finish C ................................................................156.666µs
End:     Groth16::Prover ...........................................................5.523ms
Verify proof...
Start:   Groth16::Verify
··Start:   Pairing
··End:     Pairing .................................................................1.745ms
End:     Groth16::Verify ...........................................................1.910ms
Generate parameters...
Generate CRS...
Start:   Batched Commit Carrying Groth16::Generator
··Start:   Constraint synthesis
··End:     Constraint synthesis ....................................................19.500µs
··Start:   Inlining LCs
··End:     Inlining LCs ............................................................19.000µs
··Start:   Constructing evaluation domain
··End:     Constructing evaluation domain ..........................................13.291µs
··Start:   R1CS to QAP Instance Map with Evaluation
····Start:   Evaluate Lagrange coefficients
····End:     Evaluate Lagrange coefficients ........................................130.292µs
··End:     R1CS to QAP Instance Map with Evaluation ................................168.208µs
··Start:   Compute G2 table
··End:     Compute G2 table ........................................................1.153ms
··Start:   Calculate B G2 of size 24
··End:     Calculate B G2 of size 24 ...............................................182.792µs
··Start:   Compute G1 window table
··End:     Compute G1 window table .................................................1.011ms
··Start:   Generate the R1CS verifying key
··End:     Generate the R1CS verifying key .........................................1.648ms
··Start:   Generate the R1CS proving key
····Start:   Calculate A
····End:     Calculate A ...........................................................176.250µs
····Start:   Calculate B G1
····End:     Calculate B G1 ........................................................85.875µs
····Start:   Calculate H
····End:     Calculate H ...........................................................188.167µs
····Start:   Calculate L
····End:     Calculate L ...........................................................157.625µs
··End:     Generate the R1CS proving key ...........................................961.625µs
··Start:   Generate the R1CS commitment key
··End:     Generate the R1CS commitment key ........................................140.666µs
··Start:   Convert proving key elements to affine
··End:     Convert proving key elements to affine ..................................314.334µs
End:     Batched Commit Carrying Groth16::Generator ................................6.328ms
Generate proof...
Start:   Groth16::Prover
··Start:   Constraint synthesis
··End:     Constraint synthesis ....................................................8.667µs
··Start:   Inlining LCs
··End:     Inlining LCs ............................................................11.584µs
··Start:   R1CS to QAP witness map
··End:     R1CS to QAP witness map .................................................805.375µs
··Start:   Compute C
··End:     Compute C ...............................................................760.250µs
··Start:   Compute D (Proof Dependent Commitment) in G1
··End:     Compute D (Proof Dependent Commitment) in G1 ............................264.458µs
··Start:   Compute A
··End:     Compute A ...............................................................598.958µs
··Start:   Compute B in G1
··End:     Compute B in G1 .........................................................417.334µs
··Start:   Compute B in G2
··End:     Compute B in G2 .........................................................869.042µs
··Start:   Finish C
··End:     Finish C ................................................................103.250µs
End:     Groth16::Prover ...........................................................3.935ms
Verify proof...
Start:   Groth16::Verify
··Start:   Pairing
··End:     Pairing .................................................................1.135ms
End:     Groth16::Verify ...........................................................1.243ms
Generate parameters...
Generate CRS...
Start:   Batched Commit Carrying Groth16::Generator
··Start:   Constraint synthesis
··End:     Constraint synthesis ....................................................10.083µs
··Start:   Inlining LCs
··End:     Inlining LCs ............................................................26.917µs
··Start:   Constructing evaluation domain
··End:     Constructing evaluation domain ..........................................8.583µs
··Start:   R1CS to QAP Instance Map with Evaluation
····Start:   Evaluate Lagrange coefficients
····End:     Evaluate Lagrange coefficients ........................................89.625µs
··End:     R1CS to QAP Instance Map with Evaluation ................................114.167µs
··Start:   Compute G2 table
··End:     Compute G2 table ........................................................780.292µs
··Start:   Calculate B G2 of size 44
··End:     Calculate B G2 of size 44 ...............................................222.583µs
··Start:   Compute G1 window table
··End:     Compute G1 window table .................................................781.875µs
··Start:   Generate the R1CS verifying key
··End:     Generate the R1CS verifying key .........................................1.329ms
··Start:   Generate the R1CS proving key
····Start:   Calculate A
····End:     Calculate A ...........................................................186.292µs
····Start:   Calculate B G1
····End:     Calculate B G1 ........................................................145.041µs
····Start:   Calculate H
····End:     Calculate H ...........................................................151.625µs
····Start:   Calculate L
····End:     Calculate L ...........................................................113.833µs
··End:     Generate the R1CS proving key ...........................................886.417µs
··Start:   Generate the R1CS commitment key
··End:     Generate the R1CS commitment key ........................................82.250µs
··Start:   Convert proving key elements to affine
··End:     Convert proving key elements to affine ..................................322.917µs
End:     Batched Commit Carrying Groth16::Generator ................................4.958ms
Generate proof...
Start:   Groth16::Prover
··Start:   Constraint synthesis
··End:     Constraint synthesis ....................................................11.375µs
··Start:   Inlining LCs
··End:     Inlining LCs ............................................................17.958µs
··Start:   R1CS to QAP witness map
··End:     R1CS to QAP witness map .................................................849.959µs
··Start:   Compute C
··End:     Compute C ...............................................................591.958µs
··Start:   Compute D (Proof Dependent Commitment) in G1
··End:     Compute D (Proof Dependent Commitment) in G1 ............................166.000µs
··Start:   Compute A
··End:     Compute A ...............................................................436.125µs
··Start:   Compute B in G1
··End:     Compute B in G1 .........................................................328.750µs
··Start:   Compute B in G2
··End:     Compute B in G2 .........................................................820.750µs
··Start:   Finish C
··End:     Finish C ................................................................85.084µs
End:     Groth16::Prover ...........................................................3.383ms
Verify proof...
Start:   Groth16::Verify
··Start:   Pairing
··End:     Pairing .................................................................933.209µs
End:     Groth16::Verify ...........................................................1.024ms
test tests::circuit::bn254::bn254_batch_commitment_circuit ... ok

test result: ok. 1 passed; 0 failed; 0 ignored; 0 measured; 0 filtered out; finished in 0.05s


running 0 tests

test result: ok. 0 passed; 0 failed; 0 ignored; 0 measured; 0 filtered out; finished in 0.00s

